<?xml version="1.0" encoding="UTF-8"?>
<!-- Generated by org.testng.reporters.JUnitReportReporter -->
<testsuite skipped="0" hostname="LAPTOP-R1MKNLRD" name="test.AddCustomerTest" tests="1" failures="0" timestamp="2021-01-30T14:51:54 CST" time="1.585" errors="1">
  <testcase name="validUserShouldBeAbleToCreateCustomer" time="1.585" classname="test.AddCustomerTest">
    <error type="org.openqa.selenium.SessionNotCreatedException" message="session not created: This version of ChromeDriver only supports Chrome version 86
Current browser version is 88.0.4324.104 with binary path C:\Program Files\Google\Chrome\Application\chrome.exe
Build info: version: &#039;3.14.0&#039;, revision: &#039;aacccce0&#039;, time: &#039;2018-08-02T20:19:58.91Z&#039;
System info: host: &#039;LAPTOP-R1MKNLRD&#039;, ip: &#039;192.168.168.1&#039;, os.name: &#039;Windows 10&#039;, os.arch: &#039;amd64&#039;, os.version: &#039;10.0&#039;, java.version: &#039;1.8.0_221&#039;
Driver info: driver.version: ChromeDriver
remote stacktrace: Backtrace:
	Ordinal0 [0x0106C013+3194899]
	Ordinal0 [0x00F56021+2056225]
	Ordinal0 [0x00DEF608+587272]
	Ordinal0 [0x00D71BF3+72691]
	Ordinal0 [0x00D6E229+57897]
	Ordinal0 [0x00D6C64A+50762]
	Ordinal0 [0x00D91EE9+204521]
	Ordinal0 [0x00D91D0D+204045]
	Ordinal0 [0x00D8FC1B+195611]
	Ordinal0 [0x00D73B7F+80767]
	Ordinal0 [0x00D74B4E+84814]
	Ordinal0 [0x00D74AD9+84697]
	Ordinal0 [0x00F6CE64+2149988]
	GetHandleVerifier [0x011DBE95+1400773]
	GetHandleVerifier [0x011DBB61+1399953]
	GetHandleVerifier [0x011E31FA+1430314]
	GetHandleVerifier [0x011DC69F+1402831]
	Ordinal0 [0x00F63D61+2112865]
	Ordinal0 [0x00F6E5CB+2155979]
	Ordinal0 [0x00F6E6F5+2156277]
	Ordinal0 [0x00F7F26E+2224750]
	BaseThreadInitThunk [0x76310419+25]
	RtlGetAppContainerNamedObjectPath [0x7709662D+237]
	RtlGetAppContainerNamedObjectPath [0x770965FD+189]
">
      <![CDATA[org.openqa.selenium.SessionNotCreatedException: session not created: This version of ChromeDriver only supports Chrome version 86
Current browser version is 88.0.4324.104 with binary path C:\Program Files\Google\Chrome\Application\chrome.exe
Build info: version: '3.14.0', revision: 'aacccce0', time: '2018-08-02T20:19:58.91Z'
System info: host: 'LAPTOP-R1MKNLRD', ip: '192.168.168.1', os.name: 'Windows 10', os.arch: 'amd64', os.version: '10.0', java.version: '1.8.0_221'
Driver info: driver.version: ChromeDriver
remote stacktrace: Backtrace:
Ordinal0 [0x0106C013+3194899]
Ordinal0 [0x00F56021+2056225]
Ordinal0 [0x00DEF608+587272]
Ordinal0 [0x00D71BF3+72691]
Ordinal0 [0x00D6E229+57897]
Ordinal0 [0x00D6C64A+50762]
Ordinal0 [0x00D91EE9+204521]
Ordinal0 [0x00D91D0D+204045]
Ordinal0 [0x00D8FC1B+195611]
Ordinal0 [0x00D73B7F+80767]
Ordinal0 [0x00D74B4E+84814]
Ordinal0 [0x00D74AD9+84697]
Ordinal0 [0x00F6CE64+2149988]
GetHandleVerifier [0x011DBE95+1400773]
GetHandleVerifier [0x011DBB61+1399953]
GetHandleVerifier [0x011E31FA+1430314]
GetHandleVerifier [0x011DC69F+1402831]
Ordinal0 [0x00F63D61+2112865]
Ordinal0 [0x00F6E5CB+2155979]
Ordinal0 [0x00F6E6F5+2156277]
Ordinal0 [0x00F7F26E+2224750]
BaseThreadInitThunk [0x76310419+25]
RtlGetAppContainerNamedObjectPath [0x7709662D+237]
RtlGetAppContainerNamedObjectPath [0x770965FD+189]

at sun.reflect.NativeConstructorAccessorImpl.newInstance0(Native Method)
at sun.reflect.NativeConstructorAccessorImpl.newInstance(NativeConstructorAccessorImpl.java:62)
at sun.reflect.DelegatingConstructorAccessorImpl.newInstance(DelegatingConstructorAccessorImpl.java:45)
at java.lang.reflect.Constructor.newInstance(Constructor.java:423)
at org.openqa.selenium.remote.W3CHandshakeResponse.lambda$new$0(W3CHandshakeResponse.java:57)
at org.openqa.selenium.remote.W3CHandshakeResponse.lambda$getResponseFunction$2(W3CHandshakeResponse.java:104)
at org.openqa.selenium.remote.ProtocolHandshake.lambda$createSession$0(ProtocolHandshake.java:122)
at java.util.stream.ReferencePipeline$3$1.accept(ReferencePipeline.java:193)
at java.util.Spliterators$ArraySpliterator.tryAdvance(Spliterators.java:958)
at java.util.stream.ReferencePipeline.forEachWithCancel(ReferencePipeline.java:126)
at java.util.stream.AbstractPipeline.copyIntoWithCancel(AbstractPipeline.java:499)
at java.util.stream.AbstractPipeline.copyInto(AbstractPipeline.java:486)
at java.util.stream.AbstractPipeline.wrapAndCopyInto(AbstractPipeline.java:472)
at java.util.stream.FindOps$FindOp.evaluateSequential(FindOps.java:152)
at java.util.stream.AbstractPipeline.evaluate(AbstractPipeline.java:234)
at java.util.stream.ReferencePipeline.findFirst(ReferencePipeline.java:464)
at org.openqa.selenium.remote.ProtocolHandshake.createSession(ProtocolHandshake.java:125)
at org.openqa.selenium.remote.ProtocolHandshake.createSession(ProtocolHandshake.java:73)
at org.openqa.selenium.remote.HttpCommandExecutor.execute(HttpCommandExecutor.java:136)
at org.openqa.selenium.remote.service.DriverCommandExecutor.execute(DriverCommandExecutor.java:83)
at org.openqa.selenium.remote.RemoteWebDriver.execute(RemoteWebDriver.java:548)
at org.openqa.selenium.remote.RemoteWebDriver.startSession(RemoteWebDriver.java:212)
at org.openqa.selenium.remote.RemoteWebDriver.<init>(RemoteWebDriver.java:130)
at org.openqa.selenium.chrome.ChromeDriver.<init>(ChromeDriver.java:181)
at org.openqa.selenium.chrome.ChromeDriver.<init>(ChromeDriver.java:168)
at org.openqa.selenium.chrome.ChromeDriver.<init>(ChromeDriver.java:123)
at util.BrowserFactory.init(BrowserFactory.java:15)
at test.AddCustomerTest.validUserShouldBeAbleToCreateCustomer(AddCustomerTest.java:18)
at sun.reflect.NativeMethodAccessorImpl.invoke0(Native Method)
at sun.reflect.NativeMethodAccessorImpl.invoke(NativeMethodAccessorImpl.java:62)
at sun.reflect.DelegatingMethodAccessorImpl.invoke(DelegatingMethodAccessorImpl.java:43)
at java.lang.reflect.Method.invoke(Method.java:498)
at org.testng.internal.MethodInvocationHelper.invokeMethod(MethodInvocationHelper.java:132)
at org.testng.internal.TestInvoker.invokeMethod(TestInvoker.java:599)
at org.testng.internal.TestInvoker.invokeTestMethod(TestInvoker.java:174)
at org.testng.internal.MethodRunner.runInSequence(MethodRunner.java:46)
at org.testng.internal.TestInvoker$MethodInvocationAgent.invoke(TestInvoker.java:822)
at org.testng.internal.TestInvoker.invokeTestMethods(TestInvoker.java:147)
at org.testng.internal.TestMethodWorker.invokeTestMethods(TestMethodWorker.java:146)
at org.testng.internal.TestMethodWorker.run(TestMethodWorker.java:128)
at java.util.ArrayList.forEach(ArrayList.java:1257)
at org.testng.TestRunner.privateRun(TestRunner.java:764)
at org.testng.TestRunner.run(TestRunner.java:585)
at org.testng.SuiteRunner.runTest(SuiteRunner.java:384)
at org.testng.SuiteRunner.runSequentially(SuiteRunner.java:378)
at org.testng.SuiteRunner.privateRun(SuiteRunner.java:337)
at org.testng.SuiteRunner.run(SuiteRunner.java:286)
at org.testng.SuiteRunnerWorker.runSuite(SuiteRunnerWorker.java:53)
at org.testng.SuiteRunnerWorker.run(SuiteRunnerWorker.java:96)
at org.testng.TestNG.runSuitesSequentially(TestNG.java:1218)
at org.testng.TestNG.runSuitesLocally(TestNG.java:1140)
at org.testng.TestNG.runSuites(TestNG.java:1069)
at org.testng.TestNG.run(TestNG.java:1037)
at org.testng.remote.AbstractRemoteTestNG.run(AbstractRemoteTestNG.java:115)
at org.testng.remote.RemoteTestNG.initAndRun(RemoteTestNG.java:251)
at org.testng.remote.RemoteTestNG.main(RemoteTestNG.java:77)
]]>
    </error>
  </testcase> <!-- validUserShouldBeAbleToCreateCustomer -->
  <system-out/>
</testsuite> <!-- test.AddCustomerTest -->
